<?xml version="1.0"?>
<!DOCTYPE coverage SYSTEM "http://cobertura.sourceforge.net/xml/coverage-04.dtd">

<coverage line-rate="0.7032258064516129" branch-rate="0.4" lines-covered="109" lines-valid="155" branches-covered="4" branches-valid="10" complexity="1.3421052631578947" version="2.0.3" timestamp="1427493048786">
	<sources>
		<source>/home/shevek/java/tftp4j/tftp-server-netty/src/main/java</source>
	</sources>
	<packages>
		<package name="org.anarres.tftp.server.netty" line-rate="0.7032258064516129" branch-rate="0.4" complexity="1.3421052631578947">
			<classes>
				<class name="org.anarres.tftp.server.netty.TftpChannelType" filename="org/anarres/tftp/server/netty/TftpChannelType.java" line-rate="1.0" branch-rate="1.0" complexity="1.0">
					<methods>
						<method name="&lt;clinit&gt;" signature="()V" line-rate="1.0" branch-rate="1.0">
							<lines>
								<line number="20" hits="5" branch="false"/>
								<line number="22" hits="1" branch="false"/>
								<line number="32" hits="1" branch="false"/>
							</lines>
						</method>
						<method name="&lt;init&gt;" signature="(Ljava/lang/String;I)V" line-rate="1.0" branch-rate="1.0">
							<lines>
							</lines>
						</method>
						<method name="&lt;init&gt;" signature="(Ljava/lang/String;ILorg/anarres/tftp/server/netty/TftpChannelType$1;)V" line-rate="1.0" branch-rate="1.0">
							<lines>
							</lines>
						</method>
						<method name="valueOf" signature="(Ljava/lang/String;)Lorg/anarres/tftp/server/netty/TftpChannelType;" line-rate="1.0" branch-rate="1.0">
							<lines>
							</lines>
						</method>
						<method name="values" signature="()[Lorg/anarres/tftp/server/netty/TftpChannelType;" line-rate="1.0" branch-rate="1.0">
							<lines>
							</lines>
						</method>
					</methods>
					<lines>
						<line number="20" hits="5" branch="false"/>
						<line number="22" hits="1" branch="false"/>
						<line number="32" hits="1" branch="false"/>
					</lines>
				</class>
				<class name="org.anarres.tftp.server.netty.TftpChannelType$1" filename="org/anarres/tftp/server/netty/TftpChannelType.java" line-rate="1.0" branch-rate="1.0" complexity="1.0">
					<methods>
						<method name="&lt;init&gt;" signature="(Ljava/lang/String;I)V" line-rate="1.0" branch-rate="1.0">
							<lines>
								<line number="22" hits="1" branch="false"/>
							</lines>
						</method>
						<method name="getChannelType" signature="()Ljava/lang/Class;" line-rate="1.0" branch-rate="1.0">
							<lines>
								<line number="30" hits="1" branch="false"/>
							</lines>
						</method>
						<method name="newEventLoopGroup" signature="(Ljava/util/concurrent/ThreadFactory;)Lio/netty/channel/EventLoopGroup;" line-rate="1.0" branch-rate="1.0">
							<lines>
								<line number="25" hits="1" branch="false"/>
							</lines>
						</method>
					</methods>
					<lines>
						<line number="22" hits="1" branch="false"/>
						<line number="25" hits="1" branch="false"/>
						<line number="30" hits="1" branch="false"/>
					</lines>
				</class>
				<class name="org.anarres.tftp.server.netty.TftpChannelType$2" filename="org/anarres/tftp/server/netty/TftpChannelType.java" line-rate="0.3333333333333333" branch-rate="1.0" complexity="1.0">
					<methods>
						<method name="&lt;init&gt;" signature="(Ljava/lang/String;I)V" line-rate="1.0" branch-rate="1.0">
							<lines>
								<line number="32" hits="1" branch="false"/>
							</lines>
						</method>
						<method name="getChannelType" signature="()Ljava/lang/Class;" line-rate="0.0" branch-rate="1.0">
							<lines>
								<line number="40" hits="0" branch="false"/>
							</lines>
						</method>
						<method name="newEventLoopGroup" signature="(Ljava/util/concurrent/ThreadFactory;)Lio/netty/channel/EventLoopGroup;" line-rate="0.0" branch-rate="1.0">
							<lines>
								<line number="35" hits="0" branch="false"/>
							</lines>
						</method>
					</methods>
					<lines>
						<line number="32" hits="1" branch="false"/>
						<line number="35" hits="0" branch="false"/>
						<line number="40" hits="0" branch="false"/>
					</lines>
				</class>
				<class name="org.anarres.tftp.server.netty.TftpCodec" filename="org/anarres/tftp/server/netty/TftpCodec.java" line-rate="0.9" branch-rate="1.0" complexity="1.25">
					<methods>
						<method name="&lt;clinit&gt;" signature="()V" line-rate="1.0" branch-rate="1.0">
							<lines>
								<line number="29" hits="1" branch="false"/>
							</lines>
						</method>
						<method name="&lt;init&gt;" signature="()V" line-rate="1.0" branch-rate="1.0">
							<lines>
								<line number="27" hits="1" branch="false"/>
								<line number="30" hits="1" branch="false"/>
							</lines>
						</method>
						<method name="channelRead" signature="(Lio/netty/channel/ChannelHandlerContext;Ljava/lang/Object;)V" line-rate="1.0" branch-rate="1.0">
							<lines>
								<line number="50" hits="14468" branch="false"/>
								<line number="52" hits="14468" branch="false"/>
								<line number="53" hits="14468" branch="false"/>
								<line number="54" hits="14468" branch="false"/>
							</lines>
						</method>
						<method name="decode" signature="(Lio/netty/channel/ChannelHandlerContext;Lio/netty/channel/socket/DatagramPacket;)Lorg/anarres/tftp/protocol/packet/TftpPacket;" line-rate="1.0" branch-rate="1.0">
							<lines>
								<line number="34" hits="14468" branch="false"/>
							</lines>
						</method>
						<method name="encode" signature="(Lio/netty/channel/ChannelHandlerContext;Lorg/anarres/tftp/protocol/packet/TftpPacket;)Lio/netty/channel/socket/DatagramPacket;" line-rate="1.0" branch-rate="1.0">
							<lines>
								<line number="39" hits="14468" branch="false"/>
								<line number="40" hits="14468" branch="false"/>
								<line number="41" hits="14468" branch="false"/>
								<line number="42" hits="14468" branch="false"/>
								<line number="43" hits="14468" branch="false"/>
								<line number="44" hits="14468" branch="false"/>
							</lines>
						</method>
						<method name="write" signature="(Lio/netty/channel/ChannelHandlerContext;Ljava/lang/Object;Lio/netty/channel/ChannelPromise;)V" line-rate="0.6666666666666666" branch-rate="1.0">
							<lines>
								<line number="59" hits="14468" branch="false"/>
								<line number="61" hits="0" branch="false"/>
								<line number="64" hits="0" branch="false"/>
								<line number="67" hits="14468" branch="false"/>
								<line number="68" hits="14468" branch="false"/>
								<line number="69" hits="14468" branch="false"/>
							</lines>
						</method>
					</methods>
					<lines>
						<line number="27" hits="1" branch="false"/>
						<line number="29" hits="1" branch="false"/>
						<line number="30" hits="1" branch="false"/>
						<line number="34" hits="14468" branch="false"/>
						<line number="39" hits="14468" branch="false"/>
						<line number="40" hits="14468" branch="false"/>
						<line number="41" hits="14468" branch="false"/>
						<line number="42" hits="14468" branch="false"/>
						<line number="43" hits="14468" branch="false"/>
						<line number="44" hits="14468" branch="false"/>
						<line number="50" hits="14468" branch="false"/>
						<line number="52" hits="14468" branch="false"/>
						<line number="53" hits="14468" branch="false"/>
						<line number="54" hits="14468" branch="false"/>
						<line number="59" hits="14468" branch="false"/>
						<line number="61" hits="0" branch="false"/>
						<line number="64" hits="0" branch="false"/>
						<line number="67" hits="14468" branch="false"/>
						<line number="68" hits="14468" branch="false"/>
						<line number="69" hits="14468" branch="false"/>
					</lines>
				</class>
				<class name="org.anarres.tftp.server.netty.TftpExceptionHandler" filename="org/anarres/tftp/server/netty/TftpExceptionHandler.java" line-rate="0.0" branch-rate="1.0" complexity="2.0">
					<methods>
						<method name="&lt;clinit&gt;" signature="()V" line-rate="0.0" branch-rate="1.0">
							<lines>
								<line number="20" hits="0" branch="false"/>
							</lines>
						</method>
						<method name="&lt;init&gt;" signature="()V" line-rate="0.0" branch-rate="1.0">
							<lines>
								<line number="18" hits="0" branch="false"/>
							</lines>
						</method>
						<method name="channelActive" signature="(Lio/netty/channel/ChannelHandlerContext;)V" line-rate="0.0" branch-rate="1.0">
							<lines>
								<line number="24" hits="0" branch="false"/>
								<line number="25" hits="0" branch="false"/>
								<line number="26" hits="0" branch="false"/>
								<line number="27" hits="0" branch="false"/>
								<line number="28" hits="0" branch="false"/>
							</lines>
						</method>
						<method name="channelRead" signature="(Lio/netty/channel/ChannelHandlerContext;Ljava/lang/Object;)V" line-rate="0.0" branch-rate="1.0">
							<lines>
								<line number="33" hits="0" branch="false"/>
								<line number="34" hits="0" branch="false"/>
								<line number="35" hits="0" branch="false"/>
								<line number="36" hits="0" branch="false"/>
								<line number="37" hits="0" branch="false"/>
								<line number="38" hits="0" branch="false"/>
							</lines>
						</method>
						<method name="channelReadComplete" signature="(Lio/netty/channel/ChannelHandlerContext;)V" line-rate="0.0" branch-rate="1.0">
							<lines>
								<line number="43" hits="0" branch="false"/>
								<line number="44" hits="0" branch="false"/>
								<line number="45" hits="0" branch="false"/>
								<line number="46" hits="0" branch="false"/>
								<line number="47" hits="0" branch="false"/>
							</lines>
						</method>
					</methods>
					<lines>
						<line number="18" hits="0" branch="false"/>
						<line number="20" hits="0" branch="false"/>
						<line number="24" hits="0" branch="false"/>
						<line number="25" hits="0" branch="false"/>
						<line number="26" hits="0" branch="false"/>
						<line number="27" hits="0" branch="false"/>
						<line number="28" hits="0" branch="false"/>
						<line number="33" hits="0" branch="false"/>
						<line number="34" hits="0" branch="false"/>
						<line number="35" hits="0" branch="false"/>
						<line number="36" hits="0" branch="false"/>
						<line number="37" hits="0" branch="false"/>
						<line number="38" hits="0" branch="false"/>
						<line number="43" hits="0" branch="false"/>
						<line number="44" hits="0" branch="false"/>
						<line number="45" hits="0" branch="false"/>
						<line number="46" hits="0" branch="false"/>
						<line number="47" hits="0" branch="false"/>
					</lines>
				</class>
				<class name="org.anarres.tftp.server.netty.TftpPipelineInitializer" filename="org/anarres/tftp/server/netty/TftpPipelineInitializer.java" line-rate="0.9090909090909091" branch-rate="0.5" complexity="1.3333333333333333">
					<methods>
						<method name="&lt;clinit&gt;" signature="()V" line-rate="1.0" branch-rate="1.0">
							<lines>
								<line number="22" hits="1" branch="false"/>
							</lines>
						</method>
						<method name="&lt;init&gt;" signature="(Lorg/anarres/tftp/server/netty/TftpPipelineInitializer$SharedHandlers;Lio/netty/channel/ChannelHandler;)V" line-rate="1.0" branch-rate="1.0">
							<lines>
								<line number="57" hits="33" branch="false"/>
								<line number="58" hits="33" branch="false"/>
								<line number="59" hits="33" branch="false"/>
								<line number="60" hits="33" branch="false"/>
							</lines>
						</method>
						<method name="initChannel" signature="(Lio/netty/channel/Channel;)V" line-rate="0.8333333333333334" branch-rate="0.5">
							<lines>
								<line number="65" hits="33" branch="false"/>
								<line number="68" hits="33" branch="false"/>
								<line number="69" hits="33" branch="true" condition-coverage="50% (1/2)">
									<conditions>
										<condition number="0" type="jump" coverage="50%"/>
									</conditions>
								</line>
								<line number="70" hits="0" branch="false"/>
								<line number="71" hits="33" branch="false"/>
								<line number="72" hits="33" branch="false"/>
							</lines>
						</method>
					</methods>
					<lines>
						<line number="22" hits="1" branch="false"/>
						<line number="57" hits="33" branch="false"/>
						<line number="58" hits="33" branch="false"/>
						<line number="59" hits="33" branch="false"/>
						<line number="60" hits="33" branch="false"/>
						<line number="65" hits="33" branch="false"/>
						<line number="68" hits="33" branch="false"/>
						<line number="69" hits="33" branch="true" condition-coverage="50% (1/2)">
							<conditions>
								<condition number="0" type="jump" coverage="50%"/>
							</conditions>
						</line>
						<line number="70" hits="0" branch="false"/>
						<line number="71" hits="33" branch="false"/>
						<line number="72" hits="33" branch="false"/>
					</lines>
				</class>
				<class name="org.anarres.tftp.server.netty.TftpPipelineInitializer$SharedHandlers" filename="org/anarres/tftp/server/netty/TftpPipelineInitializer.java" line-rate="0.7142857142857143" branch-rate="1.0" complexity="1.3333333333333333">
					<methods>
						<method name="&lt;init&gt;" signature="()V" line-rate="1.0" branch-rate="1.0">
							<lines>
								<line number="28" hits="1" branch="false"/>
								<line number="29" hits="1" branch="false"/>
								<line number="30" hits="1" branch="false"/>
								<line number="48" hits="1" branch="false"/>
							</lines>
						</method>
						<method name="access$000" signature="(Lorg/anarres/tftp/server/netty/TftpPipelineInitializer$SharedHandlers;)Lorg/anarres/tftp/server/netty/TftpCodec;" line-rate="1.0" branch-rate="1.0">
							<lines>
							</lines>
						</method>
						<method name="access$100" signature="(Lorg/anarres/tftp/server/netty/TftpPipelineInitializer$SharedHandlers;)Z" line-rate="1.0" branch-rate="1.0">
							<lines>
							</lines>
						</method>
						<method name="access$200" signature="(Lorg/anarres/tftp/server/netty/TftpPipelineInitializer$SharedHandlers;)Lio/netty/handler/logging/LoggingHandler;" line-rate="1.0" branch-rate="1.0">
							<lines>
								<line number="24" hits="67" branch="false"/>
							</lines>
						</method>
						<method name="setDebug" signature="(Z)V" line-rate="0.0" branch-rate="1.0">
							<lines>
								<line number="51" hits="0" branch="false"/>
								<line number="52" hits="0" branch="false"/>
							</lines>
						</method>
					</methods>
					<lines>
						<line number="24" hits="67" branch="false"/>
						<line number="28" hits="1" branch="false"/>
						<line number="29" hits="1" branch="false"/>
						<line number="30" hits="1" branch="false"/>
						<line number="48" hits="1" branch="false"/>
						<line number="51" hits="0" branch="false"/>
						<line number="52" hits="0" branch="false"/>
					</lines>
				</class>
				<class name="org.anarres.tftp.server.netty.TftpReadTransfer" filename="org/anarres/tftp/server/netty/TftpReadTransfer.java" line-rate="1.0" branch-rate="1.0" complexity="1.0">
					<methods>
						<method name="&lt;init&gt;" signature="(Ljava/net/SocketAddress;Lorg/anarres/tftp/protocol/resource/TftpData;I)V" line-rate="1.0" branch-rate="1.0">
							<lines>
								<line number="28" hits="32" branch="false"/>
								<line number="29" hits="32" branch="false"/>
							</lines>
						</method>
						<method name="allocate" signature="(Lio/netty/channel/Channel;I)Ljava/nio/ByteBuffer;" line-rate="1.0" branch-rate="1.0">
							<lines>
								<line number="33" hits="14466" branch="false"/>
								<line number="35" hits="14466" branch="false"/>
							</lines>
						</method>
						<method name="allocate" signature="(Ljava/lang/Object;I)Ljava/nio/ByteBuffer;" line-rate="1.0" branch-rate="1.0">
							<lines>
							</lines>
						</method>
						<method name="close" signature="(Lio/netty/channel/Channel;)V" line-rate="1.0" branch-rate="1.0">
							<lines>
								<line number="51" hits="64" branch="false"/>
								<line number="52" hits="64" branch="false"/>
								<line number="53" hits="64" branch="false"/>
							</lines>
						</method>
						<method name="close" signature="(Ljava/lang/Object;)V" line-rate="1.0" branch-rate="1.0">
							<lines>
							</lines>
						</method>
						<method name="flush" signature="(Lio/netty/channel/Channel;)V" line-rate="1.0" branch-rate="1.0">
							<lines>
								<line number="46" hits="14466" branch="false"/>
								<line number="47" hits="14466" branch="false"/>
							</lines>
						</method>
						<method name="flush" signature="(Ljava/lang/Object;)V" line-rate="1.0" branch-rate="1.0">
							<lines>
							</lines>
						</method>
						<method name="send" signature="(Lio/netty/channel/Channel;Lorg/anarres/tftp/protocol/packet/TftpPacket;)V" line-rate="1.0" branch-rate="1.0">
							<lines>
								<line number="40" hits="14466" branch="false"/>
								<line number="41" hits="14466" branch="false"/>
								<line number="42" hits="14466" branch="false"/>
							</lines>
						</method>
						<method name="send" signature="(Ljava/lang/Object;Lorg/anarres/tftp/protocol/packet/TftpPacket;)V" line-rate="1.0" branch-rate="1.0">
							<lines>
								<line number="23" hits="43462" branch="false"/>
							</lines>
						</method>
					</methods>
					<lines>
						<line number="23" hits="43462" branch="false"/>
						<line number="28" hits="32" branch="false"/>
						<line number="29" hits="32" branch="false"/>
						<line number="33" hits="14466" branch="false"/>
						<line number="35" hits="14466" branch="false"/>
						<line number="40" hits="14466" branch="false"/>
						<line number="41" hits="14466" branch="false"/>
						<line number="42" hits="14466" branch="false"/>
						<line number="46" hits="14466" branch="false"/>
						<line number="47" hits="14466" branch="false"/>
						<line number="51" hits="64" branch="false"/>
						<line number="52" hits="64" branch="false"/>
						<line number="53" hits="64" branch="false"/>
					</lines>
				</class>
				<class name="org.anarres.tftp.server.netty.TftpServer" filename="org/anarres/tftp/server/netty/TftpServer.java" line-rate="0.75" branch-rate="1.0" complexity="1.0">
					<methods>
						<method name="&lt;init&gt;" signature="(Lorg/anarres/tftp/protocol/resource/TftpDataProvider;)V" line-rate="0.5" branch-rate="1.0">
							<lines>
								<line number="26" hits="1" branch="false"/>
								<line number="27" hits="1" branch="false"/>
								<line number="34" hits="0" branch="false"/>
								<line number="35" hits="0" branch="false"/>
							</lines>
						</method>
						<method name="&lt;init&gt;" signature="(Lorg/anarres/tftp/protocol/resource/TftpDataProvider;I)V" line-rate="1.0" branch-rate="1.0">
							<lines>
								<line number="30" hits="1" branch="false"/>
								<line number="31" hits="1" branch="false"/>
							</lines>
						</method>
						<method name="getChannelType" signature="()Lorg/anarres/tftp/server/netty/TftpChannelType;" line-rate="1.0" branch-rate="1.0">
							<lines>
								<line number="43" hits="1" branch="false"/>
							</lines>
						</method>
						<method name="setChannelType" signature="(Lorg/anarres/tftp/server/netty/TftpChannelType;)V" line-rate="0.0" branch-rate="1.0">
							<lines>
								<line number="47" hits="0" branch="false"/>
								<line number="48" hits="0" branch="false"/>
							</lines>
						</method>
						<method name="setDebug" signature="(Z)V" line-rate="0.0" branch-rate="1.0">
							<lines>
								<line number="38" hits="0" branch="false"/>
								<line number="39" hits="0" branch="false"/>
							</lines>
						</method>
						<method name="start" signature="()V" line-rate="1.0" branch-rate="1.0">
							<lines>
								<line number="52" hits="1" branch="false"/>
								<line number="54" hits="1" branch="false"/>
								<line number="55" hits="1" branch="false"/>
								<line number="57" hits="1" branch="false"/>
								<line number="58" hits="1" branch="false"/>
								<line number="59" hits="1" branch="false"/>
								<line number="60" hits="1" branch="false"/>
								<line number="61" hits="1" branch="false"/>
								<line number="62" hits="1" branch="false"/>
							</lines>
						</method>
						<method name="stop" signature="()V" line-rate="1.0" branch-rate="1.0">
							<lines>
								<line number="66" hits="1" branch="false"/>
								<line number="67" hits="1" branch="false"/>
								<line number="68" hits="1" branch="false"/>
								<line number="69" hits="1" branch="false"/>
							</lines>
						</method>
					</methods>
					<lines>
						<line number="26" hits="1" branch="false"/>
						<line number="27" hits="1" branch="false"/>
						<line number="30" hits="1" branch="false"/>
						<line number="31" hits="1" branch="false"/>
						<line number="34" hits="0" branch="false"/>
						<line number="35" hits="0" branch="false"/>
						<line number="38" hits="0" branch="false"/>
						<line number="39" hits="0" branch="false"/>
						<line number="43" hits="1" branch="false"/>
						<line number="47" hits="0" branch="false"/>
						<line number="48" hits="0" branch="false"/>
						<line number="52" hits="1" branch="false"/>
						<line number="54" hits="1" branch="false"/>
						<line number="55" hits="1" branch="false"/>
						<line number="57" hits="1" branch="false"/>
						<line number="58" hits="1" branch="false"/>
						<line number="59" hits="1" branch="false"/>
						<line number="60" hits="1" branch="false"/>
						<line number="61" hits="1" branch="false"/>
						<line number="62" hits="1" branch="false"/>
						<line number="66" hits="1" branch="false"/>
						<line number="67" hits="1" branch="false"/>
						<line number="68" hits="1" branch="false"/>
						<line number="69" hits="1" branch="false"/>
					</lines>
				</class>
				<class name="org.anarres.tftp.server.netty.TftpServerHandler" filename="org/anarres/tftp/server/netty/TftpServerHandler.java" line-rate="0.6363636363636364" branch-rate="0.375" complexity="3.0">
					<methods>
						<method name="&lt;clinit&gt;" signature="()V" line-rate="1.0" branch-rate="1.0">
							<lines>
								<line number="32" hits="1" branch="false"/>
							</lines>
						</method>
						<method name="&lt;init&gt;" signature="(Lorg/anarres/tftp/server/netty/TftpPipelineInitializer$SharedHandlers;Lorg/anarres/tftp/protocol/resource/TftpDataProvider;)V" line-rate="1.0" branch-rate="1.0">
							<lines>
								<line number="36" hits="1" branch="false"/>
								<line number="37" hits="1" branch="false"/>
								<line number="38" hits="1" branch="false"/>
								<line number="39" hits="1" branch="false"/>
							</lines>
						</method>
						<method name="channelRead" signature="(Lio/netty/channel/ChannelHandlerContext;Ljava/lang/Object;)V" line-rate="0.5833333333333334" branch-rate="0.375">
							<lines>
								<line number="44" hits="34" branch="false"/>
								<line number="45" hits="34" branch="false"/>
								<line number="47" hits="34" branch="true" condition-coverage="16% (1/6)">
									<conditions>
										<condition number="0" type="switch" coverage="16%"/>
									</conditions>
								</line>
								<line number="49" hits="34" branch="false"/>
								<line number="50" hits="34" branch="false"/>
								<line number="51" hits="34" branch="true" condition-coverage="100% (2/2)">
									<conditions>
										<condition number="0" type="jump" coverage="100%"/>
									</conditions>
								</line>
								<line number="52" hits="2" branch="false"/>
								<line number="55" hits="32" branch="false"/>
								<line number="56" hits="32" branch="false"/>
								<line number="62" hits="32" branch="false"/>
								<line number="69" hits="32" branch="false"/>
								<line number="73" hits="0" branch="false"/>
								<line number="74" hits="0" branch="false"/>
								<line number="77" hits="0" branch="false"/>
								<line number="80" hits="0" branch="false"/>
								<line number="81" hits="0" branch="false"/>
								<line number="82" hits="0" branch="false"/>
								<line number="85" hits="0" branch="false"/>
								<line number="90" hits="0" branch="false"/>
								<line number="91" hits="0" branch="false"/>
								<line number="92" hits="0" branch="false"/>
								<line number="94" hits="34" branch="false"/>
								<line number="95" hits="34" branch="false"/>
								<line number="96" hits="34" branch="false"/>
							</lines>
						</method>
						<method name="channelReadComplete" signature="(Lio/netty/channel/ChannelHandlerContext;)V" line-rate="1.0" branch-rate="1.0">
							<lines>
								<line number="100" hits="34" branch="false"/>
								<line number="101" hits="34" branch="false"/>
							</lines>
						</method>
						<method name="exceptionCaught" signature="(Lio/netty/channel/ChannelHandlerContext;Ljava/lang/Throwable;)V" line-rate="0.0" branch-rate="1.0">
							<lines>
								<line number="105" hits="0" branch="false"/>
								<line number="107" hits="0" branch="false"/>
							</lines>
						</method>
					</methods>
					<lines>
						<line number="32" hits="1" branch="false"/>
						<line number="36" hits="1" branch="false"/>
						<line number="37" hits="1" branch="false"/>
						<line number="38" hits="1" branch="false"/>
						<line number="39" hits="1" branch="false"/>
						<line number="44" hits="34" branch="false"/>
						<line number="45" hits="34" branch="false"/>
						<line number="47" hits="34" branch="true" condition-coverage="16% (1/6)">
							<conditions>
								<condition number="0" type="switch" coverage="16%"/>
							</conditions>
						</line>
						<line number="49" hits="34" branch="false"/>
						<line number="50" hits="34" branch="false"/>
						<line number="51" hits="34" branch="true" condition-coverage="100% (2/2)">
							<conditions>
								<condition number="0" type="jump" coverage="100%"/>
							</conditions>
						</line>
						<line number="52" hits="2" branch="false"/>
						<line number="55" hits="32" branch="false"/>
						<line number="56" hits="32" branch="false"/>
						<line number="62" hits="32" branch="false"/>
						<line number="69" hits="32" branch="false"/>
						<line number="73" hits="0" branch="false"/>
						<line number="74" hits="0" branch="false"/>
						<line number="77" hits="0" branch="false"/>
						<line number="80" hits="0" branch="false"/>
						<line number="81" hits="0" branch="false"/>
						<line number="82" hits="0" branch="false"/>
						<line number="85" hits="0" branch="false"/>
						<line number="90" hits="0" branch="false"/>
						<line number="91" hits="0" branch="false"/>
						<line number="92" hits="0" branch="false"/>
						<line number="94" hits="34" branch="false"/>
						<line number="95" hits="34" branch="false"/>
						<line number="96" hits="34" branch="false"/>
						<line number="100" hits="34" branch="false"/>
						<line number="101" hits="34" branch="false"/>
						<line number="105" hits="0" branch="false"/>
						<line number="107" hits="0" branch="false"/>
					</lines>
				</class>
				<class name="org.anarres.tftp.server.netty.TftpServerHandler$1" filename="org/anarres/tftp/server/netty/TftpServerHandler.java" line-rate="1.0" branch-rate="1.0" complexity="3.0">
					<methods>
						<method name="&lt;clinit&gt;" signature="()V" line-rate="1.0" branch-rate="1.0">
							<lines>
								<line number="47" hits="1" branch="false"/>
							</lines>
						</method>
					</methods>
					<lines>
						<line number="47" hits="1" branch="false"/>
					</lines>
				</class>
				<class name="org.anarres.tftp.server.netty.TftpTransferHandler" filename="org/anarres/tftp/server/netty/TftpTransferHandler.java" line-rate="0.8421052631578947" branch-rate="1.0" complexity="1.0">
					<methods>
						<method name="&lt;clinit&gt;" signature="()V" line-rate="1.0" branch-rate="1.0">
							<lines>
								<line number="24" hits="1" branch="false"/>
							</lines>
						</method>
						<method name="&lt;init&gt;" signature="(Lorg/anarres/tftp/protocol/engine/TftpTransfer;)V" line-rate="1.0" branch-rate="1.0">
							<lines>
								<line number="27" hits="32" branch="false"/>
								<line number="28" hits="32" branch="false"/>
								<line number="29" hits="32" branch="false"/>
							</lines>
						</method>
						<method name="channelActive" signature="(Lio/netty/channel/ChannelHandlerContext;)V" line-rate="1.0" branch-rate="1.0">
							<lines>
								<line number="33" hits="32" branch="false"/>
								<line number="34" hits="32" branch="false"/>
								<line number="35" hits="32" branch="false"/>
							</lines>
						</method>
						<method name="channelInactive" signature="(Lio/netty/channel/ChannelHandlerContext;)V" line-rate="1.0" branch-rate="1.0">
							<lines>
								<line number="48" hits="32" branch="false"/>
								<line number="49" hits="32" branch="false"/>
							</lines>
						</method>
						<method name="channelRead" signature="(Lio/netty/channel/ChannelHandlerContext;Ljava/lang/Object;)V" line-rate="1.0" branch-rate="1.0">
							<lines>
								<line number="40" hits="14434" branch="false"/>
								<line number="42" hits="14434" branch="false"/>
								<line number="43" hits="14434" branch="false"/>
								<line number="44" hits="14434" branch="false"/>
							</lines>
						</method>
						<method name="channelUnregistered" signature="(Lio/netty/channel/ChannelHandlerContext;)V" line-rate="1.0" branch-rate="1.0">
							<lines>
								<line number="53" hits="32" branch="false"/>
								<line number="54" hits="32" branch="false"/>
								<line number="55" hits="32" branch="false"/>
							</lines>
						</method>
						<method name="exceptionCaught" signature="(Lio/netty/channel/ChannelHandlerContext;Ljava/lang/Throwable;)V" line-rate="0.0" branch-rate="1.0">
							<lines>
								<line number="59" hits="0" branch="false"/>
								<line number="60" hits="0" branch="false"/>
								<line number="61" hits="0" branch="false"/>
							</lines>
						</method>
					</methods>
					<lines>
						<line number="24" hits="1" branch="false"/>
						<line number="27" hits="32" branch="false"/>
						<line number="28" hits="32" branch="false"/>
						<line number="29" hits="32" branch="false"/>
						<line number="33" hits="32" branch="false"/>
						<line number="34" hits="32" branch="false"/>
						<line number="35" hits="32" branch="false"/>
						<line number="40" hits="14434" branch="false"/>
						<line number="42" hits="14434" branch="false"/>
						<line number="43" hits="14434" branch="false"/>
						<line number="44" hits="14434" branch="false"/>
						<line number="48" hits="32" branch="false"/>
						<line number="49" hits="32" branch="false"/>
						<line number="53" hits="32" branch="false"/>
						<line number="54" hits="32" branch="false"/>
						<line number="55" hits="32" branch="false"/>
						<line number="59" hits="0" branch="false"/>
						<line number="60" hits="0" branch="false"/>
						<line number="61" hits="0" branch="false"/>
					</lines>
				</class>
			</classes>
		</package>
	</packages>
</coverage>
